<?xml version="1.0" encoding="UTF-8"?>
<!-- Generated by org.testng.reporters.JUnitXMLReporter -->
<testsuite ignored="0" hostname="LAPTOP-A363SLA7" failures="0" tests="5" name="Default test" time="72.402" errors="0" timestamp="2024-06-22T19:20:54 IDT">
  <testcase classname="hw1tests.test4" name="tc01_Clickdeals" time="19.82"/>
  <testcase classname="hw1tests.test4" name="tc02_Exploreplacedealsfrom" time="6.523"/>
  <testcase classname="hw1tests.test4" name="tc03_Exploreplacedealsdates" time="13.548"/>
  <testcase classname="hw1tests.test4" name="tc04_Exploreplacedealsdirection" time="19.628"/>
  <testcase classname="hw1tests.test4" name="tc05_Explorethedealfromlist" time="3.446"/>
</testsuite> <!-- Default test -->
