<?xml version="1.0" encoding="UTF-8"?>
<!-- Generated by org.testng.reporters.JUnitXMLReporter -->
<testsuite ignored="0" hostname="LAPTOP-A363SLA7" failures="0" tests="16" name="Test" time="344.198" errors="0" timestamp="2024-06-23T12:30:55 IDT">
  <testcase classname="hw1tests.test1" name="tc01_login" time="17.083"/>
  <testcase classname="hw1tests.test1" name="tc02_logoutandnopassward" time="4.296"/>
  <testcase classname="hw1tests.test1" name="tc03_Forgetinsertpassward" time="12.765"/>
  <testcase classname="hw1tests.test2" name="tc01_Checkflightfrom" time="21.705"/>
  <testcase classname="hw1tests.test2" name="tc02_Checkflightto" time="6.344"/>
  <testcase classname="hw1tests.test2" name="tc03_Checkflighttimefrom" time="16.594"/>
  <testcase classname="hw1tests.test2" name="tc04_CheckEconomy" time="12.717"/>
  <testcase classname="hw1tests.test2" name="tc05_Choosepassandcabinbags" time="43.941"/>
  <testcase classname="hw1tests.test3" name="tc01_Checkflightoneway" time="45.409"/>
  <testcase classname="hw1tests.test3" name="tc02_CheckEconomy" time="12.323"/>
  <testcase classname="hw1tests.test3" name="tc03_Choosepassandcabinbags" time="67.035"/>
  <testcase classname="hw1tests.test4" name="tc01_Clickdeals" time="20.564"/>
  <testcase classname="hw1tests.test4" name="tc02_Exploreplacedealsfrom" time="5.377"/>
  <testcase classname="hw1tests.test4" name="tc03_Exploreplacedealsdates" time="13.405"/>
  <testcase classname="hw1tests.test4" name="tc04_Exploreplacedealsdirection" time="19.613"/>
  <testcase classname="hw1tests.test4" name="tc05_Explorethedealfromlist" time="3.403"/>
</testsuite> <!-- Test -->
