<?xml version="1.0" encoding="UTF-8"?>
<testsuite xmlns:xsi="http://www.w3.org/2001/XMLSchema-instance" xsi:noNamespaceSchemaLocation="https://maven.apache.org/surefire/maven-surefire-plugin/xsd/surefire-test-report-3.0.xsd" version="3.0" name="TestSuite" time="346.604" tests="16" errors="0" skipped="0" failures="0">
  <properties>
[...]
</properties>
  <testcase name="tc01_login" classname="hw1tests.test1" time="17.376">
    <system-out><![CDATA[linoyinon
]]></system-out>
    <system-err><![CDATA[SLF4J: Failed to load class "org.slf4j.impl.StaticLoggerBinder".
SLF4J: Defaulting to no-operation (NOP) logger implementation
SLF4J: See http://www.slf4j.org/codes.html#StaticLoggerBinder for further details.
יוני 23, 2024 12:25:15 אחה״צ org.openqa.selenium.devtools.CdpVersionFinder findNearestMatch
WARNING: Unable to find an exact match for CDP version 126, returning the closest version; found: 125; Please update to a Selenium version that supports CDP version 126
]]></system-err>
  </testcase>
  <testcase name="tc02_logoutandnopassward" classname="hw1tests.test1" time="4.357">
    <system-out><![CDATA[Sign in
]]></system-out>
  </testcase>
  <testcase name="tc03_Forgetinsertpassward" classname="hw1tests.test1" time="12.76">
    <system-out><![CDATA[Sorry, we're having some issues. Try reloading the page.
]]></system-out>
  </testcase>
  <testcase name="tc01_Checkflightfrom" classname="hw1tests.test2" time="21.713">
    <system-out><![CDATA[5
Amman
]]></system-out>
    <system-err><![CDATA[יוני 23, 2024 12:25:52 אחה״צ org.openqa.selenium.devtools.CdpVersionFinder findNearestMatch
WARNING: Unable to find an exact match for CDP version 126, returning the closest version; found: 125; Please update to a Selenium version that supports CDP version 126
]]></system-err>
  </testcase>
  <testcase name="tc02_Checkflightto" classname="hw1tests.test2" time="6.343">
    <system-out><![CDATA[6
Athens
]]></system-out>
  </testcase>
  <testcase name="tc03_Checkflighttimefrom" classname="hw1tests.test2" time="16.597">
    <system-out><![CDATA[61
Sun 30 Jun
Sun 30 Jun
61
Wed 31 Jul
Wed 31 Jul
]]></system-out>
  </testcase>
  <testcase name="tc04_CheckEconomy" classname="hw1tests.test2" time="12.722">
    <system-out><![CDATA[4
Business
Business
]]></system-out>
  </testcase>
  <testcase name="tc05_Choosepassandcabinbags" classname="hw1tests.test2" time="43.947">
    <system-out><![CDATA[6
6
2
2
1
1
]]></system-out>
  </testcase>
  <testcase name="tc01_Checkflightoneway" classname="hw1tests.test3" time="45.405">
    <system-out><![CDATA[2
5
Amman
Amman
6
Larnaca
61
Sat 29 Jun
Sat 29 Jun
]]></system-out>
    <system-err><![CDATA[יוני 23, 2024 12:27:36 אחה״צ org.openqa.selenium.devtools.CdpVersionFinder findNearestMatch
WARNING: Unable to find an exact match for CDP version 126, returning the closest version; found: 125; Please update to a Selenium version that supports CDP version 126
]]></system-err>
  </testcase>
  <testcase name="tc02_CheckEconomy" classname="hw1tests.test3" time="12.33">
    <system-out><![CDATA[4
First Class
First Class
]]></system-out>
  </testcase>
  <testcase name="tc03_Choosepassandcabinbags" classname="hw1tests.test3" time="67.035">
    <system-out><![CDATA[4
4
1
1
2
2
]]></system-out>
  </testcase>
  <testcase name="tc01_Clickdeals" classname="hw1tests.test4" time="20.576">
    <system-out><![CDATA[Flight deals from Tel Aviv, Israel
]]></system-out>
    <system-err><![CDATA[יוני 23, 2024 12:29:51 אחה״צ org.openqa.selenium.devtools.CdpVersionFinder findNearestMatch
WARNING: Unable to find an exact match for CDP version 126, returning the closest version; found: 125; Please update to a Selenium version that supports CDP version 126
]]></system-err>
  </testcase>
  <testcase name="tc02_Exploreplacedealsfrom" classname="hw1tests.test4" time="5.412">
    <system-out><![CDATA[5
Budapest
]]></system-out>
  </testcase>
  <testcase name="tc03_Exploreplacedealsdates" classname="hw1tests.test4" time="13.413">
    <system-out><![CDATA[2
One-way
]]></system-out>
  </testcase>
  <testcase name="tc04_Exploreplacedealsdirection" classname="hw1tests.test4" time="19.63">
    <system-out><![CDATA[6
₪ 12 - ₪ 4,020
price1= 12
price2= 4020
]]></system-out>
  </testcase>
  <testcase name="tc05_Explorethedealfromlist" classname="hw1tests.test4" time="3.395">
    <system-out><![CDATA[30
₪ 60
 
60
₪ 83
 
83
₪ 96
 
96
₪ 104
 
104
₪ 104
 
104
₪ 111
 
111
₪ 123
 
123
₪ 127
 
127
₪ 135
 
135
₪ 143
 
143
₪ 68
 
68
₪ 83
 
83
₪ 99
 
99
₪ 104
 
104
₪ 104
 
104
₪ 116
 
116
₪ 126
 
126
₪ 134
 
134
₪ 135
 
135
₪ 152
 
152
₪ 68
 
68
₪ 95
 
95
₪ 100
 
100
₪ 104
 
104
₪ 110
 
110
₪ 119
 
119
₪ 126
 
126
₪ 135
 
135
₪ 141
 
141
₪ 154
 
154
true
]]></system-out>
  </testcase>
</testsuite>